[2020-03-08 16:31:16.316] [jointLog] [info] Fragment incompatibility prior below threshold.  Incompatible fragments will be ignored.
[2020-03-08 16:31:16.316] [jointLog] [info] Usage of --validateMappings implies use of minScoreFraction. Since not explicitly specified, it is being set to 0.65
[2020-03-08 16:31:16.316] [jointLog] [info] Usage of --validateMappings implies a default consensus slack of 0.2. Setting consensusSlack to 0.35.
[2020-03-08 16:31:16.316] [jointLog] [info] parsing read library format
[2020-03-08 16:31:16.316] [jointLog] [info] There is 1 library.
[2020-03-08 16:31:16.398] [jointLog] [info] Loading pufferfish index
[2020-03-08 16:31:16.398] [jointLog] [info] Loading dense pufferfish index.
[2020-03-08 16:31:47.606] [jointLog] [info] done
[2020-03-08 16:31:47.606] [jointLog] [info] Index contained 117,147 targets
[2020-03-08 16:31:50.145] [jointLog] [info] Number of decoys : 66
[2020-03-08 16:31:50.145] [jointLog] [info] First decoy index : 117,042 
[2020-03-08 16:31:50.493] [jointLog] [info] Automatically detected most likely library type as ISR
[2020-03-08 16:32:13.474] [jointLog] [info] Thread saw mini-batch with a maximum of 1.18% zero probability fragments
[2020-03-08 16:32:13.474] [jointLog] [info] Thread saw mini-batch with a maximum of 1.28% zero probability fragments
[2020-03-08 16:32:13.474] [jointLog] [info] Thread saw mini-batch with a maximum of 1.34% zero probability fragments
[2020-03-08 16:32:13.474] [jointLog] [info] Thread saw mini-batch with a maximum of 1.30% zero probability fragments
[2020-03-08 16:32:13.474] [jointLog] [info] Thread saw mini-batch with a maximum of 1.26% zero probability fragments
[2020-03-08 16:32:13.474] [jointLog] [info] Thread saw mini-batch with a maximum of 1.28% zero probability fragments
[2020-03-08 16:32:13.476] [jointLog] [info] Thread saw mini-batch with a maximum of 1.20% zero probability fragments
[2020-03-08 16:32:13.477] [jointLog] [info] Thread saw mini-batch with a maximum of 1.32% zero probability fragments
[2020-03-08 16:32:13.477] [jointLog] [info] Thread saw mini-batch with a maximum of 1.28% zero probability fragments
[2020-03-08 16:32:13.477] [jointLog] [info] Thread saw mini-batch with a maximum of 1.36% zero probability fragments
[2020-03-08 16:32:13.477] [jointLog] [info] Thread saw mini-batch with a maximum of 1.24% zero probability fragments
[2020-03-08 16:32:13.477] [jointLog] [info] Thread saw mini-batch with a maximum of 1.14% zero probability fragments
[2020-03-08 16:32:13.478] [jointLog] [info] Thread saw mini-batch with a maximum of 1.14% zero probability fragments
[2020-03-08 16:32:13.479] [jointLog] [info] Thread saw mini-batch with a maximum of 1.36% zero probability fragments
[2020-03-08 16:32:13.481] [jointLog] [info] Thread saw mini-batch with a maximum of 1.28% zero probability fragments
[2020-03-08 16:32:13.481] [jointLog] [info] Thread saw mini-batch with a maximum of 1.24% zero probability fragments
[2020-03-08 16:32:13.484] [jointLog] [info] Thread saw mini-batch with a maximum of 1.24% zero probability fragments
[2020-03-08 16:32:13.484] [jointLog] [info] Thread saw mini-batch with a maximum of 1.28% zero probability fragments
[2020-03-08 16:32:13.474] [jointLog] [info] Thread saw mini-batch with a maximum of 1.24% zero probability fragments
[2020-03-08 16:32:13.486] [jointLog] [info] Thread saw mini-batch with a maximum of 1.34% zero probability fragments
[2020-03-08 16:32:13.502] [jointLog] [info] Thread saw mini-batch with a maximum of 1.22% zero probability fragments
[2020-03-08 16:32:13.520] [jointLog] [info] Thread saw mini-batch with a maximum of 1.32% zero probability fragments
[2020-03-08 16:32:13.526] [jointLog] [info] Thread saw mini-batch with a maximum of 1.24% zero probability fragments
[2020-03-08 16:32:13.551] [jointLog] [info] Thread saw mini-batch with a maximum of 1.22% zero probability fragments
[2020-03-08 16:32:13.559] [jointLog] [info] Thread saw mini-batch with a maximum of 1.34% zero probability fragments
[2020-03-08 16:32:13.592] [jointLog] [info] Thread saw mini-batch with a maximum of 1.30% zero probability fragments
[2020-03-08 16:32:13.611] [jointLog] [info] Thread saw mini-batch with a maximum of 1.26% zero probability fragments
[2020-03-08 16:32:13.617] [jointLog] [info] Thread saw mini-batch with a maximum of 1.28% zero probability fragments
[2020-03-08 16:32:13.650] [jointLog] [info] Thread saw mini-batch with a maximum of 1.16% zero probability fragments
[2020-03-08 16:32:13.676] [jointLog] [info] Thread saw mini-batch with a maximum of 1.34% zero probability fragments
[2020-03-08 16:32:13.687] [jointLog] [info] Thread saw mini-batch with a maximum of 1.48% zero probability fragments
[2020-03-08 16:32:13.689] [jointLog] [info] Thread saw mini-batch with a maximum of 1.20% zero probability fragments
[2020-03-08 16:32:13.915] [fileLog] [info] 
At end of round 0
==================
Observed 7653722 total fragments (7653722 in most recent round)

[2020-03-08 16:32:13.915] [jointLog] [info] Computed 292,511 rich equivalence classes for further processing
[2020-03-08 16:32:13.915] [jointLog] [info] Counted 6,752,269 total reads in the equivalence classes 
[2020-03-08 16:32:13.935] [jointLog] [info] Number of mappings discarded because of alignment score : 7,093,239
[2020-03-08 16:32:13.935] [jointLog] [info] Number of fragments entirely discarded because of alignment score : 164,064
[2020-03-08 16:32:13.935] [jointLog] [info] Number of fragments discarded because they are best-mapped to decoys : 135,880
[2020-03-08 16:32:13.935] [jointLog] [info] Number of fragments discarded because they have only dovetail (discordant) mappings to valid targets : 20,287
[2020-03-08 16:32:13.935] [jointLog] [info] Mapping rate = 88.222%

[2020-03-08 16:32:13.935] [jointLog] [info] finished quantifyLibrary()
[2020-03-08 16:32:13.935] [jointLog] [info] Starting optimizer
[2020-03-08 16:32:13.998] [jointLog] [info] Marked 0 weighted equivalence classes as degenerate
[2020-03-08 16:32:14.008] [jointLog] [info] iteration = 0 | max rel diff. = 4917.34
[2020-03-08 16:32:14.069] [jointLog] [info] iteration 11, adjusting effective lengths to account for biases
[2020-03-08 16:32:38.748] [jointLog] [info] Computed expected counts (for bias correction)
[2020-03-08 16:32:38.748] [jointLog] [info] processed bias for 0.0% of the transcripts
[2020-03-08 16:32:41.520] [jointLog] [info] processed bias for 10.0% of the transcripts
[2020-03-08 16:32:44.087] [jointLog] [info] processed bias for 20.0% of the transcripts
[2020-03-08 16:32:45.707] [jointLog] [info] processed bias for 30.0% of the transcripts
[2020-03-08 16:32:47.500] [jointLog] [info] processed bias for 40.1% of the transcripts
[2020-03-08 16:32:50.106] [jointLog] [info] processed bias for 50.0% of the transcripts
[2020-03-08 16:32:52.981] [jointLog] [info] processed bias for 60.0% of the transcripts
[2020-03-08 16:32:55.995] [jointLog] [info] processed bias for 70.0% of the transcripts
[2020-03-08 16:32:58.972] [jointLog] [info] processed bias for 80.0% of the transcripts
[2020-03-08 16:33:01.956] [jointLog] [info] processed bias for 90.0% of the transcripts
[2020-03-08 16:33:05.063] [jointLog] [info] processed bias for 100.0% of the transcripts
[2020-03-08 16:33:05.616] [jointLog] [info] iteration = 100 | max rel diff. = 17.5435
[2020-03-08 16:33:06.229] [jointLog] [info] iteration = 200 | max rel diff. = 3.94749
[2020-03-08 16:33:06.841] [jointLog] [info] iteration = 300 | max rel diff. = 5.38166
[2020-03-08 16:33:07.454] [jointLog] [info] iteration = 400 | max rel diff. = 0.408474
[2020-03-08 16:33:08.061] [jointLog] [info] iteration = 500 | max rel diff. = 0.653379
[2020-03-08 16:33:08.681] [jointLog] [info] iteration = 600 | max rel diff. = 0.0339177
[2020-03-08 16:33:09.299] [jointLog] [info] iteration = 700 | max rel diff. = 3.10095
[2020-03-08 16:33:09.916] [jointLog] [info] iteration = 800 | max rel diff. = 0.271624
[2020-03-08 16:33:10.530] [jointLog] [info] iteration = 900 | max rel diff. = 0.368782
[2020-03-08 16:33:11.137] [jointLog] [info] iteration = 1,000 | max rel diff. = 0.120413
[2020-03-08 16:33:11.745] [jointLog] [info] iteration = 1,100 | max rel diff. = 0.277384
[2020-03-08 16:33:12.356] [jointLog] [info] iteration = 1,200 | max rel diff. = 0.0208492
[2020-03-08 16:33:12.972] [jointLog] [info] iteration = 1,300 | max rel diff. = 11.3903
[2020-03-08 16:33:13.583] [jointLog] [info] iteration = 1,400 | max rel diff. = 0.427845
[2020-03-08 16:33:13.869] [jointLog] [info] iteration = 1,448 | max rel diff. = 0.00490911
[2020-03-08 16:33:13.874] [jointLog] [info] Finished optimizer
[2020-03-08 16:33:13.874] [jointLog] [info] writing output 

