[2020-03-08 16:35:24.829] [jointLog] [info] Fragment incompatibility prior below threshold.  Incompatible fragments will be ignored.
[2020-03-08 16:35:24.829] [jointLog] [info] Usage of --validateMappings implies use of minScoreFraction. Since not explicitly specified, it is being set to 0.65
[2020-03-08 16:35:24.829] [jointLog] [info] Usage of --validateMappings implies a default consensus slack of 0.2. Setting consensusSlack to 0.35.
[2020-03-08 16:35:24.829] [jointLog] [info] parsing read library format
[2020-03-08 16:35:24.829] [jointLog] [info] There is 1 library.
[2020-03-08 16:35:24.897] [jointLog] [info] Loading pufferfish index
[2020-03-08 16:35:24.897] [jointLog] [info] Loading dense pufferfish index.
[2020-03-08 16:35:57.890] [jointLog] [info] done
[2020-03-08 16:35:57.890] [jointLog] [info] Index contained 117,147 targets
[2020-03-08 16:36:00.610] [jointLog] [info] Number of decoys : 66
[2020-03-08 16:36:00.610] [jointLog] [info] First decoy index : 117,042 
[2020-03-08 16:36:00.956] [jointLog] [info] Automatically detected most likely library type as ISR
[2020-03-08 16:36:29.854] [jointLog] [info] Thread saw mini-batch with a maximum of 2.02% zero probability fragments
[2020-03-08 16:36:29.855] [jointLog] [info] Thread saw mini-batch with a maximum of 2.04% zero probability fragments
[2020-03-08 16:36:29.856] [jointLog] [info] Thread saw mini-batch with a maximum of 2.20% zero probability fragments
[2020-03-08 16:36:29.858] [jointLog] [info] Thread saw mini-batch with a maximum of 2.00% zero probability fragments
[2020-03-08 16:36:29.858] [jointLog] [info] Thread saw mini-batch with a maximum of 2.26% zero probability fragments
[2020-03-08 16:36:29.860] [jointLog] [info] Thread saw mini-batch with a maximum of 2.14% zero probability fragments
[2020-03-08 16:36:29.861] [jointLog] [info] Thread saw mini-batch with a maximum of 2.18% zero probability fragments
[2020-03-08 16:36:29.862] [jointLog] [info] Thread saw mini-batch with a maximum of 2.02% zero probability fragments
[2020-03-08 16:36:29.863] [jointLog] [info] Thread saw mini-batch with a maximum of 2.16% zero probability fragments
[2020-03-08 16:36:29.865] [jointLog] [info] Thread saw mini-batch with a maximum of 2.08% zero probability fragments
[2020-03-08 16:36:29.868] [jointLog] [info] Thread saw mini-batch with a maximum of 2.26% zero probability fragments
[2020-03-08 16:36:29.869] [jointLog] [info] Thread saw mini-batch with a maximum of 2.02% zero probability fragments
[2020-03-08 16:36:29.869] [jointLog] [info] Thread saw mini-batch with a maximum of 2.16% zero probability fragments
[2020-03-08 16:36:29.871] [jointLog] [info] Thread saw mini-batch with a maximum of 2.04% zero probability fragments
[2020-03-08 16:36:29.872] [jointLog] [info] Thread saw mini-batch with a maximum of 2.10% zero probability fragments
[2020-03-08 16:36:29.872] [jointLog] [info] Thread saw mini-batch with a maximum of 2.12% zero probability fragments
[2020-03-08 16:36:29.883] [jointLog] [info] Thread saw mini-batch with a maximum of 2.12% zero probability fragments
[2020-03-08 16:36:29.891] [jointLog] [info] Thread saw mini-batch with a maximum of 2.46% zero probability fragments
[2020-03-08 16:36:29.906] [jointLog] [info] Thread saw mini-batch with a maximum of 2.02% zero probability fragments
[2020-03-08 16:36:29.918] [jointLog] [info] Thread saw mini-batch with a maximum of 2.02% zero probability fragments
[2020-03-08 16:36:29.932] [jointLog] [info] Thread saw mini-batch with a maximum of 2.06% zero probability fragments
[2020-03-08 16:36:29.938] [jointLog] [info] Thread saw mini-batch with a maximum of 2.26% zero probability fragments
[2020-03-08 16:36:29.949] [jointLog] [info] Thread saw mini-batch with a maximum of 2.00% zero probability fragments
[2020-03-08 16:36:29.984] [jointLog] [info] Thread saw mini-batch with a maximum of 2.06% zero probability fragments
[2020-03-08 16:36:29.990] [jointLog] [info] Thread saw mini-batch with a maximum of 2.10% zero probability fragments
[2020-03-08 16:36:30.004] [jointLog] [info] Thread saw mini-batch with a maximum of 2.08% zero probability fragments
[2020-03-08 16:36:30.031] [jointLog] [info] Thread saw mini-batch with a maximum of 2.16% zero probability fragments
[2020-03-08 16:36:30.043] [jointLog] [info] Thread saw mini-batch with a maximum of 2.00% zero probability fragments
[2020-03-08 16:36:30.044] [jointLog] [info] Thread saw mini-batch with a maximum of 2.18% zero probability fragments
[2020-03-08 16:36:30.045] [jointLog] [info] Thread saw mini-batch with a maximum of 2.14% zero probability fragments
[2020-03-08 16:36:30.085] [jointLog] [info] Thread saw mini-batch with a maximum of 2.06% zero probability fragments
[2020-03-08 16:36:30.104] [jointLog] [info] Thread saw mini-batch with a maximum of 2.10% zero probability fragments
[2020-03-08 16:36:30.349] [jointLog] [info] Computed 304,993 rich equivalence classes for further processing
[2020-03-08 16:36:30.349] [jointLog] [info] Counted 8,219,120 total reads in the equivalence classes 
[2020-03-08 16:36:30.369] [jointLog] [info] Number of mappings discarded because of alignment score : 11,375,415
[2020-03-08 16:36:30.369] [jointLog] [info] Number of fragments entirely discarded because of alignment score : 224,788
[2020-03-08 16:36:30.369] [jointLog] [info] Number of fragments discarded because they are best-mapped to decoys : 187,464
[2020-03-08 16:36:30.369] [jointLog] [info] Number of fragments discarded because they have only dovetail (discordant) mappings to valid targets : 24,901
[2020-03-08 16:36:30.369] [jointLog] [info] Mapping rate = 86.6688%

[2020-03-08 16:36:30.369] [jointLog] [info] finished quantifyLibrary()
[2020-03-08 16:36:30.370] [jointLog] [info] Starting optimizer
[2020-03-08 16:36:30.349] [fileLog] [info] 
At end of round 0
==================
Observed 9483365 total fragments (9483365 in most recent round)

[2020-03-08 16:36:31.588] [jointLog] [info] Marked 0 weighted equivalence classes as degenerate
[2020-03-08 16:36:31.603] [jointLog] [info] iteration = 0 | max rel diff. = 5804.36
[2020-03-08 16:36:31.672] [jointLog] [info] iteration 11, adjusting effective lengths to account for biases
[2020-03-08 16:36:56.540] [jointLog] [info] Computed expected counts (for bias correction)
[2020-03-08 16:36:56.540] [jointLog] [info] processed bias for 0.0% of the transcripts
[2020-03-08 16:36:59.303] [jointLog] [info] processed bias for 10.0% of the transcripts
[2020-03-08 16:37:01.868] [jointLog] [info] processed bias for 20.0% of the transcripts
[2020-03-08 16:37:03.776] [jointLog] [info] processed bias for 30.0% of the transcripts
[2020-03-08 16:37:05.744] [jointLog] [info] processed bias for 40.0% of the transcripts
[2020-03-08 16:37:07.845] [jointLog] [info] processed bias for 50.0% of the transcripts
[2020-03-08 16:37:10.707] [jointLog] [info] processed bias for 60.0% of the transcripts
[2020-03-08 16:37:13.628] [jointLog] [info] processed bias for 70.0% of the transcripts
[2020-03-08 16:37:16.482] [jointLog] [info] processed bias for 80.0% of the transcripts
[2020-03-08 16:37:19.317] [jointLog] [info] processed bias for 90.0% of the transcripts
[2020-03-08 16:37:22.272] [jointLog] [info] processed bias for 100.0% of the transcripts
[2020-03-08 16:37:22.850] [jointLog] [info] iteration = 100 | max rel diff. = 15.753
[2020-03-08 16:37:23.482] [jointLog] [info] iteration = 200 | max rel diff. = 15.4539
[2020-03-08 16:37:24.117] [jointLog] [info] iteration = 300 | max rel diff. = 0.455094
[2020-03-08 16:37:24.749] [jointLog] [info] iteration = 400 | max rel diff. = 0.489319
[2020-03-08 16:37:25.386] [jointLog] [info] iteration = 500 | max rel diff. = 0.861296
[2020-03-08 16:37:26.018] [jointLog] [info] iteration = 600 | max rel diff. = 1.56097
[2020-03-08 16:37:26.660] [jointLog] [info] iteration = 700 | max rel diff. = 0.421448
[2020-03-08 16:37:27.294] [jointLog] [info] iteration = 800 | max rel diff. = 0.184423
[2020-03-08 16:37:27.932] [jointLog] [info] iteration = 900 | max rel diff. = 0.0465487
[2020-03-08 16:37:28.560] [jointLog] [info] iteration = 1,000 | max rel diff. = 0.40028
[2020-03-08 16:37:29.191] [jointLog] [info] iteration = 1,100 | max rel diff. = 8.3782
[2020-03-08 16:37:29.824] [jointLog] [info] iteration = 1,200 | max rel diff. = 0.0265441
[2020-03-08 16:37:30.324] [jointLog] [info] iteration = 1,280 | max rel diff. = 0.00782144
[2020-03-08 16:37:30.327] [jointLog] [info] Finished optimizer
[2020-03-08 16:37:30.327] [jointLog] [info] writing output 

