[2020-03-08 17:11:08.563] [jointLog] [info] Fragment incompatibility prior below threshold.  Incompatible fragments will be ignored.
[2020-03-08 17:11:08.563] [jointLog] [info] Usage of --validateMappings implies use of minScoreFraction. Since not explicitly specified, it is being set to 0.65
[2020-03-08 17:11:08.563] [jointLog] [info] Usage of --validateMappings implies a default consensus slack of 0.2. Setting consensusSlack to 0.35.
[2020-03-08 17:11:08.563] [jointLog] [info] parsing read library format
[2020-03-08 17:11:08.563] [jointLog] [info] There is 1 library.
[2020-03-08 17:11:08.643] [jointLog] [info] Loading pufferfish index
[2020-03-08 17:11:08.643] [jointLog] [info] Loading dense pufferfish index.
[2020-03-08 17:11:40.639] [jointLog] [info] done
[2020-03-08 17:11:40.639] [jointLog] [info] Index contained 117,147 targets
[2020-03-08 17:11:43.254] [jointLog] [info] Number of decoys : 66
[2020-03-08 17:11:43.254] [jointLog] [info] First decoy index : 117,042 
[2020-03-08 17:11:43.608] [jointLog] [info] Automatically detected most likely library type as ISR
[2020-03-08 17:12:07.128] [jointLog] [info] Thread saw mini-batch with a maximum of 1.54% zero probability fragments
[2020-03-08 17:12:07.128] [jointLog] [info] Thread saw mini-batch with a maximum of 1.32% zero probability fragments
[2020-03-08 17:12:07.128] [jointLog] [info] Thread saw mini-batch with a maximum of 1.62% zero probability fragments
[2020-03-08 17:12:07.128] [jointLog] [info] Thread saw mini-batch with a maximum of 1.36% zero probability fragments
[2020-03-08 17:12:07.128] [jointLog] [info] Thread saw mini-batch with a maximum of 1.38% zero probability fragments
[2020-03-08 17:12:07.128] [jointLog] [info] Thread saw mini-batch with a maximum of 1.42% zero probability fragments
[2020-03-08 17:12:07.129] [jointLog] [info] Thread saw mini-batch with a maximum of 1.40% zero probability fragments
[2020-03-08 17:12:07.133] [jointLog] [info] Thread saw mini-batch with a maximum of 1.38% zero probability fragments
[2020-03-08 17:12:07.133] [jointLog] [info] Thread saw mini-batch with a maximum of 1.42% zero probability fragments
[2020-03-08 17:12:07.136] [jointLog] [info] Thread saw mini-batch with a maximum of 1.40% zero probability fragments
[2020-03-08 17:12:07.136] [jointLog] [info] Thread saw mini-batch with a maximum of 1.42% zero probability fragments
[2020-03-08 17:12:07.137] [jointLog] [info] Thread saw mini-batch with a maximum of 1.36% zero probability fragments
[2020-03-08 17:12:07.140] [jointLog] [info] Thread saw mini-batch with a maximum of 1.32% zero probability fragments
[2020-03-08 17:12:07.140] [jointLog] [info] Thread saw mini-batch with a maximum of 1.24% zero probability fragments
[2020-03-08 17:12:07.143] [jointLog] [info] Thread saw mini-batch with a maximum of 1.32% zero probability fragments
[2020-03-08 17:12:07.147] [jointLog] [info] Thread saw mini-batch with a maximum of 1.34% zero probability fragments
[2020-03-08 17:12:07.151] [jointLog] [info] Thread saw mini-batch with a maximum of 1.22% zero probability fragments
[2020-03-08 17:12:07.159] [jointLog] [info] Thread saw mini-batch with a maximum of 1.36% zero probability fragments
[2020-03-08 17:12:07.171] [jointLog] [info] Thread saw mini-batch with a maximum of 1.34% zero probability fragments
[2020-03-08 17:12:07.174] [jointLog] [info] Thread saw mini-batch with a maximum of 1.28% zero probability fragments
[2020-03-08 17:12:07.183] [jointLog] [info] Thread saw mini-batch with a maximum of 1.34% zero probability fragments
[2020-03-08 17:12:07.183] [jointLog] [info] Thread saw mini-batch with a maximum of 1.32% zero probability fragments
[2020-03-08 17:12:07.187] [jointLog] [info] Thread saw mini-batch with a maximum of 1.42% zero probability fragments
[2020-03-08 17:12:07.242] [jointLog] [info] Thread saw mini-batch with a maximum of 1.36% zero probability fragments
[2020-03-08 17:12:07.251] [jointLog] [info] Thread saw mini-batch with a maximum of 1.40% zero probability fragments
[2020-03-08 17:12:07.255] [jointLog] [info] Thread saw mini-batch with a maximum of 1.26% zero probability fragments
[2020-03-08 17:12:07.263] [jointLog] [info] Thread saw mini-batch with a maximum of 1.40% zero probability fragments
[2020-03-08 17:12:07.283] [jointLog] [info] Thread saw mini-batch with a maximum of 1.36% zero probability fragments
[2020-03-08 17:12:07.290] [jointLog] [info] Thread saw mini-batch with a maximum of 1.30% zero probability fragments
[2020-03-08 17:12:07.295] [jointLog] [info] Thread saw mini-batch with a maximum of 1.30% zero probability fragments
[2020-03-08 17:12:07.315] [jointLog] [info] Thread saw mini-batch with a maximum of 1.28% zero probability fragments
[2020-03-08 17:12:07.316] [jointLog] [info] Thread saw mini-batch with a maximum of 1.36% zero probability fragments
[2020-03-08 17:12:07.552] [fileLog] [info] 
At end of round 0
==================
Observed 7915620 total fragments (7915620 in most recent round)

[2020-03-08 17:12:07.552] [jointLog] [info] Computed 307,511 rich equivalence classes for further processing
[2020-03-08 17:12:07.552] [jointLog] [info] Counted 7,152,892 total reads in the equivalence classes 
[2020-03-08 17:12:07.573] [jointLog] [info] Number of mappings discarded because of alignment score : 7,975,801
[2020-03-08 17:12:07.573] [jointLog] [info] Number of fragments entirely discarded because of alignment score : 142,771
[2020-03-08 17:12:07.573] [jointLog] [info] Number of fragments discarded because they are best-mapped to decoys : 112,971
[2020-03-08 17:12:07.573] [jointLog] [info] Number of fragments discarded because they have only dovetail (discordant) mappings to valid targets : 16,866
[2020-03-08 17:12:07.573] [jointLog] [info] Mapping rate = 90.3643%

[2020-03-08 17:12:07.573] [jointLog] [info] finished quantifyLibrary()
[2020-03-08 17:12:07.573] [jointLog] [info] Starting optimizer
[2020-03-08 17:12:07.638] [jointLog] [info] Marked 0 weighted equivalence classes as degenerate
[2020-03-08 17:12:07.646] [jointLog] [info] iteration = 0 | max rel diff. = 5154.37
[2020-03-08 17:12:07.713] [jointLog] [info] iteration 11, adjusting effective lengths to account for biases
[2020-03-08 17:12:32.803] [jointLog] [info] Computed expected counts (for bias correction)
[2020-03-08 17:12:32.803] [jointLog] [info] processed bias for 0.0% of the transcripts
[2020-03-08 17:12:34.600] [jointLog] [info] processed bias for 10.0% of the transcripts
[2020-03-08 17:12:36.736] [jointLog] [info] processed bias for 20.0% of the transcripts
[2020-03-08 17:12:38.951] [jointLog] [info] processed bias for 30.0% of the transcripts
[2020-03-08 17:12:41.288] [jointLog] [info] processed bias for 40.0% of the transcripts
[2020-03-08 17:12:44.301] [jointLog] [info] processed bias for 50.0% of the transcripts
[2020-03-08 17:12:47.318] [jointLog] [info] processed bias for 60.0% of the transcripts
[2020-03-08 17:12:50.415] [jointLog] [info] processed bias for 70.0% of the transcripts
[2020-03-08 17:12:53.471] [jointLog] [info] processed bias for 80.0% of the transcripts
[2020-03-08 17:12:56.440] [jointLog] [info] processed bias for 90.0% of the transcripts
[2020-03-08 17:12:59.546] [jointLog] [info] processed bias for 100.0% of the transcripts
[2020-03-08 17:13:00.137] [jointLog] [info] iteration = 100 | max rel diff. = 20.9533
[2020-03-08 17:13:00.791] [jointLog] [info] iteration = 200 | max rel diff. = 7.25334
[2020-03-08 17:13:01.450] [jointLog] [info] iteration = 300 | max rel diff. = 18.2598
[2020-03-08 17:13:02.119] [jointLog] [info] iteration = 400 | max rel diff. = 0.810343
[2020-03-08 17:13:02.791] [jointLog] [info] iteration = 500 | max rel diff. = 7.04511
[2020-03-08 17:13:03.449] [jointLog] [info] iteration = 600 | max rel diff. = 0.149914
[2020-03-08 17:13:04.097] [jointLog] [info] iteration = 700 | max rel diff. = 0.178086
[2020-03-08 17:13:04.753] [jointLog] [info] iteration = 800 | max rel diff. = 1.18068
[2020-03-08 17:13:05.401] [jointLog] [info] iteration = 900 | max rel diff. = 0.0443321
[2020-03-08 17:13:06.069] [jointLog] [info] iteration = 1,000 | max rel diff. = 0.0805343
[2020-03-08 17:13:06.708] [jointLog] [info] iteration = 1,100 | max rel diff. = 0.0943077
[2020-03-08 17:13:07.352] [jointLog] [info] iteration = 1,200 | max rel diff. = 0.245002
[2020-03-08 17:13:08.000] [jointLog] [info] iteration = 1,300 | max rel diff. = 0.0354186
[2020-03-08 17:13:08.196] [jointLog] [info] iteration = 1,331 | max rel diff. = 0.00830341
[2020-03-08 17:13:08.199] [jointLog] [info] Finished optimizer
[2020-03-08 17:13:08.199] [jointLog] [info] writing output 

