[2020-03-08 17:50:28.067] [jointLog] [info] Fragment incompatibility prior below threshold.  Incompatible fragments will be ignored.
[2020-03-08 17:50:28.067] [jointLog] [info] Usage of --validateMappings implies use of minScoreFraction. Since not explicitly specified, it is being set to 0.65
[2020-03-08 17:50:28.067] [jointLog] [info] Usage of --validateMappings implies a default consensus slack of 0.2. Setting consensusSlack to 0.35.
[2020-03-08 17:50:28.067] [jointLog] [info] parsing read library format
[2020-03-08 17:50:28.067] [jointLog] [info] There is 1 library.
[2020-03-08 17:50:28.149] [jointLog] [info] Loading pufferfish index
[2020-03-08 17:50:28.149] [jointLog] [info] Loading dense pufferfish index.
[2020-03-08 17:51:00.444] [jointLog] [info] done
[2020-03-08 17:51:00.444] [jointLog] [info] Index contained 117,147 targets
[2020-03-08 17:51:02.989] [jointLog] [info] Number of decoys : 66
[2020-03-08 17:51:02.989] [jointLog] [info] First decoy index : 117,042 
[2020-03-08 17:51:03.408] [jointLog] [info] Automatically detected most likely library type as ISR
[2020-03-08 17:51:31.637] [jointLog] [info] Thread saw mini-batch with a maximum of 2.68% zero probability fragments
[2020-03-08 17:51:31.641] [jointLog] [info] Thread saw mini-batch with a maximum of 2.44% zero probability fragments
[2020-03-08 17:51:31.643] [jointLog] [info] Thread saw mini-batch with a maximum of 2.64% zero probability fragments
[2020-03-08 17:51:31.644] [jointLog] [info] Thread saw mini-batch with a maximum of 2.66% zero probability fragments
[2020-03-08 17:51:31.648] [jointLog] [info] Thread saw mini-batch with a maximum of 2.44% zero probability fragments
[2020-03-08 17:51:31.660] [jointLog] [info] Thread saw mini-batch with a maximum of 2.46% zero probability fragments
[2020-03-08 17:51:31.669] [jointLog] [info] Thread saw mini-batch with a maximum of 2.60% zero probability fragments
[2020-03-08 17:51:31.670] [jointLog] [info] Thread saw mini-batch with a maximum of 2.56% zero probability fragments
[2020-03-08 17:51:31.689] [jointLog] [info] Thread saw mini-batch with a maximum of 2.54% zero probability fragments
[2020-03-08 17:51:31.700] [jointLog] [info] Thread saw mini-batch with a maximum of 2.44% zero probability fragments
[2020-03-08 17:51:31.726] [jointLog] [info] Thread saw mini-batch with a maximum of 2.50% zero probability fragments
[2020-03-08 17:51:31.732] [jointLog] [info] Thread saw mini-batch with a maximum of 2.54% zero probability fragments
[2020-03-08 17:51:31.736] [jointLog] [info] Thread saw mini-batch with a maximum of 2.54% zero probability fragments
[2020-03-08 17:51:31.771] [jointLog] [info] Thread saw mini-batch with a maximum of 2.50% zero probability fragments
[2020-03-08 17:51:31.790] [jointLog] [info] Thread saw mini-batch with a maximum of 2.58% zero probability fragments
[2020-03-08 17:51:31.808] [jointLog] [info] Thread saw mini-batch with a maximum of 2.50% zero probability fragments
[2020-03-08 17:51:31.812] [jointLog] [info] Thread saw mini-batch with a maximum of 2.34% zero probability fragments
[2020-03-08 17:51:31.825] [jointLog] [info] Thread saw mini-batch with a maximum of 2.38% zero probability fragments
[2020-03-08 17:51:31.845] [jointLog] [info] Thread saw mini-batch with a maximum of 2.60% zero probability fragments
[2020-03-08 17:51:31.871] [jointLog] [info] Thread saw mini-batch with a maximum of 2.56% zero probability fragments
[2020-03-08 17:51:31.897] [jointLog] [info] Thread saw mini-batch with a maximum of 2.50% zero probability fragments
[2020-03-08 17:51:31.903] [jointLog] [info] Thread saw mini-batch with a maximum of 2.50% zero probability fragments
[2020-03-08 17:51:31.923] [jointLog] [info] Thread saw mini-batch with a maximum of 2.50% zero probability fragments
[2020-03-08 17:51:31.926] [jointLog] [info] Thread saw mini-batch with a maximum of 2.56% zero probability fragments
[2020-03-08 17:51:31.932] [jointLog] [info] Thread saw mini-batch with a maximum of 2.60% zero probability fragments
[2020-03-08 17:51:31.967] [jointLog] [info] Thread saw mini-batch with a maximum of 2.56% zero probability fragments
[2020-03-08 17:51:31.969] [jointLog] [info] Thread saw mini-batch with a maximum of 2.62% zero probability fragments
[2020-03-08 17:51:31.973] [jointLog] [info] Thread saw mini-batch with a maximum of 2.58% zero probability fragments
[2020-03-08 17:51:31.979] [jointLog] [info] Thread saw mini-batch with a maximum of 2.56% zero probability fragments
[2020-03-08 17:51:31.982] [jointLog] [info] Thread saw mini-batch with a maximum of 2.66% zero probability fragments
[2020-03-08 17:51:32.000] [jointLog] [info] Thread saw mini-batch with a maximum of 2.48% zero probability fragments
[2020-03-08 17:51:32.005] [jointLog] [info] Thread saw mini-batch with a maximum of 2.58% zero probability fragments
[2020-03-08 17:51:32.223] [jointLog] [info] Computed 278,131 rich equivalence classes for further processing
[2020-03-08 17:51:32.223] [jointLog] [info] Counted 6,912,443 total reads in the equivalence classes 
[2020-03-08 17:51:32.242] [jointLog] [info] Number of mappings discarded because of alignment score : 18,083,706
[2020-03-08 17:51:32.242] [jointLog] [info] Number of fragments entirely discarded because of alignment score : 315,129
[2020-03-08 17:51:32.242] [jointLog] [info] Number of fragments discarded because they are best-mapped to decoys : 279,729
[2020-03-08 17:51:32.242] [jointLog] [info] Number of fragments discarded because they have only dovetail (discordant) mappings to valid targets : 20,307
[2020-03-08 17:51:32.242] [jointLog] [info] Mapping rate = 80.1494%

[2020-03-08 17:51:32.242] [jointLog] [info] finished quantifyLibrary()
[2020-03-08 17:51:32.243] [jointLog] [info] Starting optimizer
[2020-03-08 17:51:32.223] [fileLog] [info] 
At end of round 0
==================
Observed 8624449 total fragments (8624449 in most recent round)

[2020-03-08 17:51:32.305] [jointLog] [info] Marked 0 weighted equivalence classes as degenerate
[2020-03-08 17:51:32.311] [jointLog] [info] iteration = 0 | max rel diff. = 5009.98
[2020-03-08 17:51:32.374] [jointLog] [info] iteration 11, adjusting effective lengths to account for biases
[2020-03-08 17:51:55.212] [jointLog] [info] Computed expected counts (for bias correction)
[2020-03-08 17:51:55.212] [jointLog] [info] processed bias for 0.0% of the transcripts
[2020-03-08 17:51:56.992] [jointLog] [info] processed bias for 10.0% of the transcripts
[2020-03-08 17:51:58.776] [jointLog] [info] processed bias for 20.0% of the transcripts
[2020-03-08 17:52:00.592] [jointLog] [info] processed bias for 30.0% of the transcripts
[2020-03-08 17:52:03.487] [jointLog] [info] processed bias for 40.0% of the transcripts
[2020-03-08 17:52:06.500] [jointLog] [info] processed bias for 50.0% of the transcripts
[2020-03-08 17:52:09.343] [jointLog] [info] processed bias for 60.0% of the transcripts
[2020-03-08 17:52:12.367] [jointLog] [info] processed bias for 70.0% of the transcripts
[2020-03-08 17:52:15.547] [jointLog] [info] processed bias for 80.0% of the transcripts
[2020-03-08 17:52:18.559] [jointLog] [info] processed bias for 90.0% of the transcripts
[2020-03-08 17:52:21.412] [jointLog] [info] processed bias for 100.0% of the transcripts
[2020-03-08 17:52:21.993] [jointLog] [info] iteration = 100 | max rel diff. = 12.0214
[2020-03-08 17:52:22.621] [jointLog] [info] iteration = 200 | max rel diff. = 10.7264
[2020-03-08 17:52:23.225] [jointLog] [info] iteration = 300 | max rel diff. = 3.73859
[2020-03-08 17:52:23.832] [jointLog] [info] iteration = 400 | max rel diff. = 1.18759
[2020-03-08 17:52:24.452] [jointLog] [info] iteration = 500 | max rel diff. = 4.41897
[2020-03-08 17:52:25.075] [jointLog] [info] iteration = 600 | max rel diff. = 2.69724
[2020-03-08 17:52:25.685] [jointLog] [info] iteration = 700 | max rel diff. = 0.232609
[2020-03-08 17:52:26.288] [jointLog] [info] iteration = 800 | max rel diff. = 0.0482495
[2020-03-08 17:52:26.908] [jointLog] [info] iteration = 900 | max rel diff. = 0.173987
[2020-03-08 17:52:27.524] [jointLog] [info] iteration = 1,000 | max rel diff. = 0.2347
[2020-03-08 17:52:28.128] [jointLog] [info] iteration = 1,100 | max rel diff. = 0.0374193
[2020-03-08 17:52:28.627] [jointLog] [info] iteration = 1,184 | max rel diff. = 0.00585198
[2020-03-08 17:52:28.630] [jointLog] [info] Finished optimizer
[2020-03-08 17:52:28.630] [jointLog] [info] writing output 

