[2020-03-08 17:02:04.057] [jointLog] [info] Fragment incompatibility prior below threshold.  Incompatible fragments will be ignored.
[2020-03-08 17:02:04.057] [jointLog] [info] Usage of --validateMappings implies use of minScoreFraction. Since not explicitly specified, it is being set to 0.65
[2020-03-08 17:02:04.057] [jointLog] [info] Usage of --validateMappings implies a default consensus slack of 0.2. Setting consensusSlack to 0.35.
[2020-03-08 17:02:04.057] [jointLog] [info] parsing read library format
[2020-03-08 17:02:04.057] [jointLog] [info] There is 1 library.
[2020-03-08 17:02:04.141] [jointLog] [info] Loading pufferfish index
[2020-03-08 17:02:04.141] [jointLog] [info] Loading dense pufferfish index.
[2020-03-08 17:02:37.732] [jointLog] [info] done
[2020-03-08 17:02:37.732] [jointLog] [info] Index contained 117,147 targets
[2020-03-08 17:02:40.441] [jointLog] [info] Number of decoys : 66
[2020-03-08 17:02:40.441] [jointLog] [info] First decoy index : 117,042 
[2020-03-08 17:02:40.808] [jointLog] [info] Automatically detected most likely library type as ISR
[2020-03-08 17:03:07.052] [jointLog] [info] Thread saw mini-batch with a maximum of 1.64% zero probability fragments
[2020-03-08 17:03:07.052] [jointLog] [info] Thread saw mini-batch with a maximum of 1.58% zero probability fragments
[2020-03-08 17:03:07.052] [jointLog] [info] Thread saw mini-batch with a maximum of 1.66% zero probability fragments
[2020-03-08 17:03:07.052] [jointLog] [info] Thread saw mini-batch with a maximum of 1.70% zero probability fragments
[2020-03-08 17:03:07.056] [jointLog] [info] Thread saw mini-batch with a maximum of 1.66% zero probability fragments
[2020-03-08 17:03:07.056] [jointLog] [info] Thread saw mini-batch with a maximum of 1.60% zero probability fragments
[2020-03-08 17:03:07.056] [jointLog] [info] Thread saw mini-batch with a maximum of 1.64% zero probability fragments
[2020-03-08 17:03:07.056] [jointLog] [info] Thread saw mini-batch with a maximum of 1.66% zero probability fragments
[2020-03-08 17:03:07.057] [jointLog] [info] Thread saw mini-batch with a maximum of 1.78% zero probability fragments
[2020-03-08 17:03:07.059] [jointLog] [info] Thread saw mini-batch with a maximum of 1.74% zero probability fragments
[2020-03-08 17:03:07.059] [jointLog] [info] Thread saw mini-batch with a maximum of 1.84% zero probability fragments
[2020-03-08 17:03:07.060] [jointLog] [info] Thread saw mini-batch with a maximum of 1.74% zero probability fragments
[2020-03-08 17:03:07.063] [jointLog] [info] Thread saw mini-batch with a maximum of 1.72% zero probability fragments
[2020-03-08 17:03:07.066] [jointLog] [info] Thread saw mini-batch with a maximum of 1.60% zero probability fragments
[2020-03-08 17:03:07.066] [jointLog] [info] Thread saw mini-batch with a maximum of 1.58% zero probability fragments
[2020-03-08 17:03:07.070] [jointLog] [info] Thread saw mini-batch with a maximum of 1.56% zero probability fragments
[2020-03-08 17:03:07.083] [jointLog] [info] Thread saw mini-batch with a maximum of 1.68% zero probability fragments
[2020-03-08 17:03:07.112] [jointLog] [info] Thread saw mini-batch with a maximum of 1.62% zero probability fragments
[2020-03-08 17:03:07.133] [jointLog] [info] Thread saw mini-batch with a maximum of 1.76% zero probability fragments
[2020-03-08 17:03:07.152] [jointLog] [info] Thread saw mini-batch with a maximum of 1.70% zero probability fragments
[2020-03-08 17:03:07.164] [jointLog] [info] Thread saw mini-batch with a maximum of 1.70% zero probability fragments
[2020-03-08 17:03:07.169] [jointLog] [info] Thread saw mini-batch with a maximum of 1.72% zero probability fragments
[2020-03-08 17:03:07.180] [jointLog] [info] Thread saw mini-batch with a maximum of 1.78% zero probability fragments
[2020-03-08 17:03:07.181] [jointLog] [info] Thread saw mini-batch with a maximum of 1.68% zero probability fragments
[2020-03-08 17:03:07.185] [jointLog] [info] Thread saw mini-batch with a maximum of 1.64% zero probability fragments
[2020-03-08 17:03:07.195] [jointLog] [info] Thread saw mini-batch with a maximum of 1.84% zero probability fragments
[2020-03-08 17:03:07.210] [jointLog] [info] Thread saw mini-batch with a maximum of 1.72% zero probability fragments
[2020-03-08 17:03:07.213] [jointLog] [info] Thread saw mini-batch with a maximum of 1.66% zero probability fragments
[2020-03-08 17:03:07.213] [jointLog] [info] Thread saw mini-batch with a maximum of 1.76% zero probability fragments
[2020-03-08 17:03:07.221] [jointLog] [info] Thread saw mini-batch with a maximum of 1.62% zero probability fragments
[2020-03-08 17:03:07.243] [jointLog] [info] Thread saw mini-batch with a maximum of 1.68% zero probability fragments
[2020-03-08 17:03:07.251] [jointLog] [info] Thread saw mini-batch with a maximum of 1.74% zero probability fragments
[2020-03-08 17:03:07.480] [jointLog] [info] Computed 317,128 rich equivalence classes for further processing
[2020-03-08 17:03:07.480] [jointLog] [info] Counted 7,614,049 total reads in the equivalence classes 
[2020-03-08 17:03:07.501] [jointLog] [info] Number of mappings discarded because of alignment score : 7,271,446
[2020-03-08 17:03:07.501] [jointLog] [info] Number of fragments entirely discarded because of alignment score : 188,646
[2020-03-08 17:03:07.501] [jointLog] [info] Number of fragments discarded because they are best-mapped to decoys : 157,344
[2020-03-08 17:03:07.501] [jointLog] [info] Number of fragments discarded because they have only dovetail (discordant) mappings to valid targets : 21,966
[2020-03-08 17:03:07.501] [jointLog] [info] Mapping rate = 85.0812%

[2020-03-08 17:03:07.501] [jointLog] [info] finished quantifyLibrary()
[2020-03-08 17:03:07.502] [jointLog] [info] Starting optimizer
[2020-03-08 17:03:07.571] [jointLog] [info] Marked 0 weighted equivalence classes as degenerate
[2020-03-08 17:03:07.578] [jointLog] [info] iteration = 0 | max rel diff. = 5469.79
[2020-03-08 17:03:07.647] [jointLog] [info] iteration 11, adjusting effective lengths to account for biases
[2020-03-08 17:03:07.481] [fileLog] [info] 
At end of round 0
==================
Observed 8949153 total fragments (8949153 in most recent round)

[2020-03-08 17:03:29.446] [jointLog] [info] Computed expected counts (for bias correction)
[2020-03-08 17:03:29.446] [jointLog] [info] processed bias for 0.0% of the transcripts
[2020-03-08 17:03:31.814] [jointLog] [info] processed bias for 10.0% of the transcripts
[2020-03-08 17:03:33.969] [jointLog] [info] processed bias for 20.0% of the transcripts
[2020-03-08 17:03:35.414] [jointLog] [info] processed bias for 30.0% of the transcripts
[2020-03-08 17:03:37.284] [jointLog] [info] processed bias for 40.0% of the transcripts
[2020-03-08 17:03:39.234] [jointLog] [info] processed bias for 50.0% of the transcripts
[2020-03-08 17:03:41.781] [jointLog] [info] processed bias for 60.0% of the transcripts
[2020-03-08 17:03:44.374] [jointLog] [info] processed bias for 70.0% of the transcripts
[2020-03-08 17:03:46.959] [jointLog] [info] processed bias for 80.0% of the transcripts
[2020-03-08 17:03:49.516] [jointLog] [info] processed bias for 90.0% of the transcripts
[2020-03-08 17:03:52.238] [jointLog] [info] processed bias for 100.0% of the transcripts
[2020-03-08 17:03:52.837] [jointLog] [info] iteration = 100 | max rel diff. = 16.5201
[2020-03-08 17:03:53.500] [jointLog] [info] iteration = 200 | max rel diff. = 6.9776
[2020-03-08 17:03:54.155] [jointLog] [info] iteration = 300 | max rel diff. = 1.27215
[2020-03-08 17:03:54.826] [jointLog] [info] iteration = 400 | max rel diff. = 3.61162
[2020-03-08 17:03:55.499] [jointLog] [info] iteration = 500 | max rel diff. = 0.863433
[2020-03-08 17:03:56.149] [jointLog] [info] iteration = 600 | max rel diff. = 0.0824659
[2020-03-08 17:03:56.810] [jointLog] [info] iteration = 700 | max rel diff. = 1.02458
[2020-03-08 17:03:57.464] [jointLog] [info] iteration = 800 | max rel diff. = 0.162506
[2020-03-08 17:03:58.115] [jointLog] [info] iteration = 900 | max rel diff. = 0.712528
[2020-03-08 17:03:58.766] [jointLog] [info] iteration = 1,000 | max rel diff. = 0.0338186
[2020-03-08 17:03:59.425] [jointLog] [info] iteration = 1,100 | max rel diff. = 0.215327
[2020-03-08 17:04:00.127] [jointLog] [info] iteration = 1,200 | max rel diff. = 0.0579365
[2020-03-08 17:04:00.867] [jointLog] [info] iteration = 1,300 | max rel diff. = 0.30578
[2020-03-08 17:04:01.618] [jointLog] [info] iteration = 1,400 | max rel diff. = 0.023361
[2020-03-08 17:04:02.345] [jointLog] [info] iteration = 1,500 | max rel diff. = 0.0353651
[2020-03-08 17:04:02.801] [jointLog] [info] iteration = 1,565 | max rel diff. = 0.00267214
[2020-03-08 17:04:02.804] [jointLog] [info] Finished optimizer
[2020-03-08 17:04:02.804] [jointLog] [info] writing output 

