[2020-03-08 16:06:28.464] [jointLog] [info] Fragment incompatibility prior below threshold.  Incompatible fragments will be ignored.
[2020-03-08 16:06:28.464] [jointLog] [info] Usage of --validateMappings implies use of minScoreFraction. Since not explicitly specified, it is being set to 0.65
[2020-03-08 16:06:28.464] [jointLog] [info] Usage of --validateMappings implies a default consensus slack of 0.2. Setting consensusSlack to 0.35.
[2020-03-08 16:06:28.464] [jointLog] [info] parsing read library format
[2020-03-08 16:06:28.464] [jointLog] [info] There is 1 library.
[2020-03-08 16:06:28.545] [jointLog] [info] Loading pufferfish index
[2020-03-08 16:06:28.545] [jointLog] [info] Loading dense pufferfish index.
[2020-03-08 16:07:00.166] [jointLog] [info] done
[2020-03-08 16:07:00.166] [jointLog] [info] Index contained 117,147 targets
[2020-03-08 16:07:02.662] [jointLog] [info] Number of decoys : 66
[2020-03-08 16:07:02.662] [jointLog] [info] First decoy index : 117,042 
[2020-03-08 16:07:03.025] [jointLog] [info] Automatically detected most likely library type as ISR
[2020-03-08 16:07:35.717] [jointLog] [info] Thread saw mini-batch with a maximum of 1.32% zero probability fragments
[2020-03-08 16:07:35.717] [jointLog] [info] Thread saw mini-batch with a maximum of 1.30% zero probability fragments
[2020-03-08 16:07:35.717] [jointLog] [info] Thread saw mini-batch with a maximum of 1.20% zero probability fragments
[2020-03-08 16:07:35.720] [jointLog] [info] Thread saw mini-batch with a maximum of 1.44% zero probability fragments
[2020-03-08 16:07:35.721] [jointLog] [info] Thread saw mini-batch with a maximum of 1.28% zero probability fragments
[2020-03-08 16:07:35.721] [jointLog] [info] Thread saw mini-batch with a maximum of 1.18% zero probability fragments
[2020-03-08 16:07:35.722] [jointLog] [info] Thread saw mini-batch with a maximum of 1.18% zero probability fragments
[2020-03-08 16:07:35.724] [jointLog] [info] Thread saw mini-batch with a maximum of 1.36% zero probability fragments
[2020-03-08 16:07:35.725] [jointLog] [info] Thread saw mini-batch with a maximum of 1.38% zero probability fragments
[2020-03-08 16:07:35.725] [jointLog] [info] Thread saw mini-batch with a maximum of 1.30% zero probability fragments
[2020-03-08 16:07:35.727] [jointLog] [info] Thread saw mini-batch with a maximum of 1.20% zero probability fragments
[2020-03-08 16:07:35.728] [jointLog] [info] Thread saw mini-batch with a maximum of 1.26% zero probability fragments
[2020-03-08 16:07:35.731] [jointLog] [info] Thread saw mini-batch with a maximum of 1.28% zero probability fragments
[2020-03-08 16:07:35.732] [jointLog] [info] Thread saw mini-batch with a maximum of 1.30% zero probability fragments
[2020-03-08 16:07:35.732] [jointLog] [info] Thread saw mini-batch with a maximum of 1.30% zero probability fragments
[2020-03-08 16:07:35.735] [jointLog] [info] Thread saw mini-batch with a maximum of 1.36% zero probability fragments
[2020-03-08 16:07:35.736] [jointLog] [info] Thread saw mini-batch with a maximum of 1.32% zero probability fragments
[2020-03-08 16:07:35.777] [jointLog] [info] Thread saw mini-batch with a maximum of 1.20% zero probability fragments
[2020-03-08 16:07:35.782] [jointLog] [info] Thread saw mini-batch with a maximum of 1.24% zero probability fragments
[2020-03-08 16:07:35.789] [jointLog] [info] Thread saw mini-batch with a maximum of 1.26% zero probability fragments
[2020-03-08 16:07:35.793] [jointLog] [info] Thread saw mini-batch with a maximum of 1.28% zero probability fragments
[2020-03-08 16:07:35.831] [jointLog] [info] Thread saw mini-batch with a maximum of 1.40% zero probability fragments
[2020-03-08 16:07:35.845] [jointLog] [info] Thread saw mini-batch with a maximum of 1.22% zero probability fragments
[2020-03-08 16:07:35.856] [jointLog] [info] Thread saw mini-batch with a maximum of 1.20% zero probability fragments
[2020-03-08 16:07:35.859] [jointLog] [info] Thread saw mini-batch with a maximum of 1.42% zero probability fragments
[2020-03-08 16:07:35.861] [jointLog] [info] Thread saw mini-batch with a maximum of 1.28% zero probability fragments
[2020-03-08 16:07:35.867] [jointLog] [info] Thread saw mini-batch with a maximum of 1.26% zero probability fragments
[2020-03-08 16:07:35.876] [jointLog] [info] Thread saw mini-batch with a maximum of 1.40% zero probability fragments
[2020-03-08 16:07:35.901] [jointLog] [info] Thread saw mini-batch with a maximum of 1.22% zero probability fragments
[2020-03-08 16:07:35.934] [jointLog] [info] Thread saw mini-batch with a maximum of 1.26% zero probability fragments
[2020-03-08 16:07:35.935] [jointLog] [info] Thread saw mini-batch with a maximum of 1.30% zero probability fragments
[2020-03-08 16:07:35.956] [jointLog] [info] Thread saw mini-batch with a maximum of 1.32% zero probability fragments
[2020-03-08 16:07:36.182] [jointLog] [info] Computed 337,151 rich equivalence classes for further processing
[2020-03-08 16:07:36.182] [jointLog] [info] Counted 9,718,770 total reads in the equivalence classes 
[2020-03-08 16:07:36.202] [jointLog] [info] Number of mappings discarded because of alignment score : 10,433,375
[2020-03-08 16:07:36.202] [jointLog] [info] Number of fragments entirely discarded because of alignment score : 246,839
[2020-03-08 16:07:36.202] [jointLog] [info] Number of fragments discarded because they are best-mapped to decoys : 206,886
[2020-03-08 16:07:36.202] [jointLog] [info] Number of fragments discarded because they have only dovetail (discordant) mappings to valid targets : 30,119
[2020-03-08 16:07:36.202] [jointLog] [info] Mapping rate = 87.2227%

[2020-03-08 16:07:36.202] [jointLog] [info] finished quantifyLibrary()
[2020-03-08 16:07:36.203] [jointLog] [info] Starting optimizer
[2020-03-08 16:07:36.267] [jointLog] [info] Marked 0 weighted equivalence classes as degenerate
[2020-03-08 16:07:36.276] [jointLog] [info] iteration = 0 | max rel diff. = 6210.11
[2020-03-08 16:07:36.343] [jointLog] [info] iteration 11, adjusting effective lengths to account for biases
[2020-03-08 16:07:36.182] [fileLog] [info] 
At end of round 0
==================
Observed 11142477 total fragments (11142477 in most recent round)

[2020-03-08 16:08:02.163] [jointLog] [info] Computed expected counts (for bias correction)
[2020-03-08 16:08:02.163] [jointLog] [info] processed bias for 0.0% of the transcripts
[2020-03-08 16:08:03.744] [jointLog] [info] processed bias for 10.0% of the transcripts
[2020-03-08 16:08:05.547] [jointLog] [info] processed bias for 20.0% of the transcripts
[2020-03-08 16:08:07.834] [jointLog] [info] processed bias for 30.0% of the transcripts
[2020-03-08 16:08:10.997] [jointLog] [info] processed bias for 40.0% of the transcripts
[2020-03-08 16:08:14.147] [jointLog] [info] processed bias for 50.0% of the transcripts
[2020-03-08 16:08:17.188] [jointLog] [info] processed bias for 60.0% of the transcripts
[2020-03-08 16:08:20.268] [jointLog] [info] processed bias for 70.0% of the transcripts
[2020-03-08 16:08:23.237] [jointLog] [info] processed bias for 80.0% of the transcripts
[2020-03-08 16:08:26.317] [jointLog] [info] processed bias for 90.0% of the transcripts
[2020-03-08 16:08:29.404] [jointLog] [info] processed bias for 100.0% of the transcripts
[2020-03-08 16:08:30.018] [jointLog] [info] iteration = 100 | max rel diff. = 19.0496
[2020-03-08 16:08:30.690] [jointLog] [info] iteration = 200 | max rel diff. = 4.56983
[2020-03-08 16:08:31.360] [jointLog] [info] iteration = 300 | max rel diff. = 2.06356
[2020-03-08 16:08:32.036] [jointLog] [info] iteration = 400 | max rel diff. = 11.9345
[2020-03-08 16:08:32.714] [jointLog] [info] iteration = 500 | max rel diff. = 0.630837
[2020-03-08 16:08:33.394] [jointLog] [info] iteration = 600 | max rel diff. = 0.0997807
[2020-03-08 16:08:34.065] [jointLog] [info] iteration = 700 | max rel diff. = 0.582449
[2020-03-08 16:08:34.735] [jointLog] [info] iteration = 800 | max rel diff. = 0.0550925
[2020-03-08 16:08:35.417] [jointLog] [info] iteration = 900 | max rel diff. = 0.0556043
[2020-03-08 16:08:36.087] [jointLog] [info] iteration = 1,000 | max rel diff. = 0.429598
[2020-03-08 16:08:36.755] [jointLog] [info] iteration = 1,100 | max rel diff. = 0.078984
[2020-03-08 16:08:37.432] [jointLog] [info] iteration = 1,200 | max rel diff. = 0.0564018
[2020-03-08 16:08:38.100] [jointLog] [info] iteration = 1,300 | max rel diff. = 0.0912733
[2020-03-08 16:08:38.774] [jointLog] [info] iteration = 1,400 | max rel diff. = 0.0564682
[2020-03-08 16:08:39.343] [jointLog] [info] iteration = 1,485 | max rel diff. = 0.00631606
[2020-03-08 16:08:39.346] [jointLog] [info] Finished optimizer
[2020-03-08 16:08:39.346] [jointLog] [info] writing output 

