[2020-03-08 16:24:55.763] [jointLog] [info] Fragment incompatibility prior below threshold.  Incompatible fragments will be ignored.
[2020-03-08 16:24:55.763] [jointLog] [info] Usage of --validateMappings implies use of minScoreFraction. Since not explicitly specified, it is being set to 0.65
[2020-03-08 16:24:55.763] [jointLog] [info] Usage of --validateMappings implies a default consensus slack of 0.2. Setting consensusSlack to 0.35.
[2020-03-08 16:24:55.763] [jointLog] [info] parsing read library format
[2020-03-08 16:24:55.763] [jointLog] [info] There is 1 library.
[2020-03-08 16:24:55.845] [jointLog] [info] Loading pufferfish index
[2020-03-08 16:24:55.845] [jointLog] [info] Loading dense pufferfish index.
[2020-03-08 16:25:27.420] [jointLog] [info] done
[2020-03-08 16:25:27.420] [jointLog] [info] Index contained 117,147 targets
[2020-03-08 16:25:29.922] [jointLog] [info] Number of decoys : 66
[2020-03-08 16:25:29.922] [jointLog] [info] First decoy index : 117,042 
[2020-03-08 16:25:30.282] [jointLog] [info] Automatically detected most likely library type as ISR
[2020-03-08 16:25:54.749] [jointLog] [info] Thread saw mini-batch with a maximum of 1.84% zero probability fragments
[2020-03-08 16:25:54.749] [jointLog] [info] Thread saw mini-batch with a maximum of 1.66% zero probability fragments
[2020-03-08 16:25:54.749] [jointLog] [info] Thread saw mini-batch with a maximum of 1.64% zero probability fragments
[2020-03-08 16:25:54.749] [jointLog] [info] Thread saw mini-batch with a maximum of 1.74% zero probability fragments
[2020-03-08 16:25:54.749] [jointLog] [info] Thread saw mini-batch with a maximum of 1.72% zero probability fragments
[2020-03-08 16:25:54.749] [jointLog] [info] Thread saw mini-batch with a maximum of 1.66% zero probability fragments
[2020-03-08 16:25:54.753] [jointLog] [info] Thread saw mini-batch with a maximum of 1.64% zero probability fragments
[2020-03-08 16:25:54.753] [jointLog] [info] Thread saw mini-batch with a maximum of 1.74% zero probability fragments
[2020-03-08 16:25:54.753] [jointLog] [info] Thread saw mini-batch with a maximum of 1.80% zero probability fragments
[2020-03-08 16:25:54.753] [jointLog] [info] Thread saw mini-batch with a maximum of 1.80% zero probability fragments
[2020-03-08 16:25:54.756] [jointLog] [info] Thread saw mini-batch with a maximum of 1.86% zero probability fragments
[2020-03-08 16:25:54.756] [jointLog] [info] Thread saw mini-batch with a maximum of 1.62% zero probability fragments
[2020-03-08 16:25:54.757] [jointLog] [info] Thread saw mini-batch with a maximum of 1.64% zero probability fragments
[2020-03-08 16:25:54.757] [jointLog] [info] Thread saw mini-batch with a maximum of 1.86% zero probability fragments
[2020-03-08 16:25:54.757] [jointLog] [info] Thread saw mini-batch with a maximum of 1.82% zero probability fragments
[2020-03-08 16:25:54.759] [jointLog] [info] Thread saw mini-batch with a maximum of 1.76% zero probability fragments
[2020-03-08 16:25:54.760] [jointLog] [info] Thread saw mini-batch with a maximum of 1.94% zero probability fragments
[2020-03-08 16:25:54.766] [jointLog] [info] Thread saw mini-batch with a maximum of 1.82% zero probability fragments
[2020-03-08 16:25:54.776] [jointLog] [info] Thread saw mini-batch with a maximum of 1.74% zero probability fragments
[2020-03-08 16:25:54.793] [jointLog] [info] Thread saw mini-batch with a maximum of 1.66% zero probability fragments
[2020-03-08 16:25:54.797] [jointLog] [info] Thread saw mini-batch with a maximum of 1.90% zero probability fragments
[2020-03-08 16:25:54.799] [jointLog] [info] Thread saw mini-batch with a maximum of 1.66% zero probability fragments
[2020-03-08 16:25:54.841] [jointLog] [info] Thread saw mini-batch with a maximum of 1.84% zero probability fragments
[2020-03-08 16:25:54.851] [jointLog] [info] Thread saw mini-batch with a maximum of 1.82% zero probability fragments
[2020-03-08 16:25:54.854] [jointLog] [info] Thread saw mini-batch with a maximum of 1.78% zero probability fragments
[2020-03-08 16:25:54.863] [jointLog] [info] Thread saw mini-batch with a maximum of 1.82% zero probability fragments
[2020-03-08 16:25:54.879] [jointLog] [info] Thread saw mini-batch with a maximum of 1.64% zero probability fragments
[2020-03-08 16:25:54.895] [jointLog] [info] Thread saw mini-batch with a maximum of 1.72% zero probability fragments
[2020-03-08 16:25:54.911] [jointLog] [info] Thread saw mini-batch with a maximum of 1.78% zero probability fragments
[2020-03-08 16:25:54.940] [jointLog] [info] Thread saw mini-batch with a maximum of 1.66% zero probability fragments
[2020-03-08 16:25:54.958] [jointLog] [info] Thread saw mini-batch with a maximum of 1.62% zero probability fragments
[2020-03-08 16:25:54.968] [jointLog] [info] Thread saw mini-batch with a maximum of 1.80% zero probability fragments
[2020-03-08 16:25:55.193] [jointLog] [info] Computed 299,781 rich equivalence classes for further processing
[2020-03-08 16:25:55.193] [jointLog] [info] Counted 7,232,186 total reads in the equivalence classes 
[2020-03-08 16:25:55.213] [jointLog] [info] Number of mappings discarded because of alignment score : 7,806,806
[2020-03-08 16:25:55.213] [jointLog] [info] Number of fragments entirely discarded because of alignment score : 176,720
[2020-03-08 16:25:55.213] [jointLog] [info] Number of fragments discarded because they are best-mapped to decoys : 145,278
[2020-03-08 16:25:55.213] [jointLog] [info] Number of fragments discarded because they have only dovetail (discordant) mappings to valid targets : 21,331
[2020-03-08 16:25:55.213] [jointLog] [info] Mapping rate = 85.8354%

[2020-03-08 16:25:55.213] [jointLog] [info] finished quantifyLibrary()
[2020-03-08 16:25:55.213] [jointLog] [info] Starting optimizer
[2020-03-08 16:25:55.279] [jointLog] [info] Marked 0 weighted equivalence classes as degenerate
[2020-03-08 16:25:55.289] [jointLog] [info] iteration = 0 | max rel diff. = 5216.83
[2020-03-08 16:25:55.353] [jointLog] [info] iteration 11, adjusting effective lengths to account for biases
[2020-03-08 16:25:55.193] [fileLog] [info] 
At end of round 0
==================
Observed 8425643 total fragments (8425643 in most recent round)

[2020-03-08 16:26:20.459] [jointLog] [info] Computed expected counts (for bias correction)
[2020-03-08 16:26:20.459] [jointLog] [info] processed bias for 0.0% of the transcripts
[2020-03-08 16:26:22.185] [jointLog] [info] processed bias for 10.0% of the transcripts
[2020-03-08 16:26:24.328] [jointLog] [info] processed bias for 20.1% of the transcripts
[2020-03-08 16:26:26.209] [jointLog] [info] processed bias for 30.0% of the transcripts
[2020-03-08 16:26:28.740] [jointLog] [info] processed bias for 40.0% of the transcripts
[2020-03-08 16:26:31.724] [jointLog] [info] processed bias for 50.0% of the transcripts
[2020-03-08 16:26:34.736] [jointLog] [info] processed bias for 60.0% of the transcripts
[2020-03-08 16:26:37.749] [jointLog] [info] processed bias for 70.0% of the transcripts
[2020-03-08 16:26:40.720] [jointLog] [info] processed bias for 80.0% of the transcripts
[2020-03-08 16:26:43.780] [jointLog] [info] processed bias for 90.0% of the transcripts
[2020-03-08 16:26:46.787] [jointLog] [info] processed bias for 100.0% of the transcripts
[2020-03-08 16:26:47.349] [jointLog] [info] iteration = 100 | max rel diff. = 20.3237
[2020-03-08 16:26:47.965] [jointLog] [info] iteration = 200 | max rel diff. = 3.08365
[2020-03-08 16:26:48.579] [jointLog] [info] iteration = 300 | max rel diff. = 4.36151
[2020-03-08 16:26:49.198] [jointLog] [info] iteration = 400 | max rel diff. = 1.68289
[2020-03-08 16:26:49.813] [jointLog] [info] iteration = 500 | max rel diff. = 1.57096
[2020-03-08 16:26:50.426] [jointLog] [info] iteration = 600 | max rel diff. = 3.89923
[2020-03-08 16:26:51.046] [jointLog] [info] iteration = 700 | max rel diff. = 0.101839
[2020-03-08 16:26:51.657] [jointLog] [info] iteration = 800 | max rel diff. = 0.0330341
[2020-03-08 16:26:52.277] [jointLog] [info] iteration = 900 | max rel diff. = 0.186088
[2020-03-08 16:26:52.910] [jointLog] [info] iteration = 1,000 | max rel diff. = 2.23348
[2020-03-08 16:26:53.533] [jointLog] [info] iteration = 1,100 | max rel diff. = 0.0229703
[2020-03-08 16:26:54.151] [jointLog] [info] iteration = 1,200 | max rel diff. = 0.866963
[2020-03-08 16:26:54.169] [jointLog] [info] iteration = 1,204 | max rel diff. = 0.00694696
[2020-03-08 16:26:54.172] [jointLog] [info] Finished optimizer
[2020-03-08 16:26:54.172] [jointLog] [info] writing output 

