[2020-03-08 16:20:34.546] [jointLog] [info] Fragment incompatibility prior below threshold.  Incompatible fragments will be ignored.
[2020-03-08 16:20:34.546] [jointLog] [info] Usage of --validateMappings implies use of minScoreFraction. Since not explicitly specified, it is being set to 0.65
[2020-03-08 16:20:34.546] [jointLog] [info] Usage of --validateMappings implies a default consensus slack of 0.2. Setting consensusSlack to 0.35.
[2020-03-08 16:20:34.546] [jointLog] [info] parsing read library format
[2020-03-08 16:20:34.546] [jointLog] [info] There is 1 library.
[2020-03-08 16:20:34.627] [jointLog] [info] Loading pufferfish index
[2020-03-08 16:20:34.627] [jointLog] [info] Loading dense pufferfish index.
[2020-03-08 16:21:06.115] [jointLog] [info] done
[2020-03-08 16:21:06.115] [jointLog] [info] Index contained 117,147 targets
[2020-03-08 16:21:08.643] [jointLog] [info] Number of decoys : 66
[2020-03-08 16:21:08.643] [jointLog] [info] First decoy index : 117,042 
[2020-03-08 16:21:09.006] [jointLog] [info] Automatically detected most likely library type as ISR
[2020-03-08 16:21:32.581] [jointLog] [info] Thread saw mini-batch with a maximum of 1.18% zero probability fragments
[2020-03-08 16:21:32.581] [jointLog] [info] Thread saw mini-batch with a maximum of 1.18% zero probability fragments
[2020-03-08 16:21:32.581] [jointLog] [info] Thread saw mini-batch with a maximum of 1.14% zero probability fragments
[2020-03-08 16:21:32.582] [jointLog] [info] Thread saw mini-batch with a maximum of 1.28% zero probability fragments
[2020-03-08 16:21:32.582] [jointLog] [info] Thread saw mini-batch with a maximum of 1.12% zero probability fragments
[2020-03-08 16:21:32.582] [jointLog] [info] Thread saw mini-batch with a maximum of 1.14% zero probability fragments
[2020-03-08 16:21:32.582] [jointLog] [info] Thread saw mini-batch with a maximum of 1.12% zero probability fragments
[2020-03-08 16:21:32.584] [jointLog] [info] Thread saw mini-batch with a maximum of 1.18% zero probability fragments
[2020-03-08 16:21:32.585] [jointLog] [info] Thread saw mini-batch with a maximum of 1.18% zero probability fragments
[2020-03-08 16:21:32.585] [jointLog] [info] Thread saw mini-batch with a maximum of 1.28% zero probability fragments
[2020-03-08 16:21:32.588] [jointLog] [info] Thread saw mini-batch with a maximum of 1.22% zero probability fragments
[2020-03-08 16:21:32.588] [jointLog] [info] Thread saw mini-batch with a maximum of 1.10% zero probability fragments
[2020-03-08 16:21:32.589] [jointLog] [info] Thread saw mini-batch with a maximum of 1.30% zero probability fragments
[2020-03-08 16:21:32.591] [jointLog] [info] Thread saw mini-batch with a maximum of 1.08% zero probability fragments
[2020-03-08 16:21:32.592] [jointLog] [info] Thread saw mini-batch with a maximum of 1.30% zero probability fragments
[2020-03-08 16:21:32.593] [jointLog] [info] Thread saw mini-batch with a maximum of 1.20% zero probability fragments
[2020-03-08 16:21:32.595] [jointLog] [info] Thread saw mini-batch with a maximum of 1.02% zero probability fragments
[2020-03-08 16:21:32.596] [jointLog] [info] Thread saw mini-batch with a maximum of 1.32% zero probability fragments
[2020-03-08 16:21:32.603] [jointLog] [info] Thread saw mini-batch with a maximum of 1.16% zero probability fragments
[2020-03-08 16:21:32.613] [jointLog] [info] Thread saw mini-batch with a maximum of 1.02% zero probability fragments
[2020-03-08 16:21:32.650] [jointLog] [info] Thread saw mini-batch with a maximum of 1.14% zero probability fragments
[2020-03-08 16:21:32.664] [jointLog] [info] Thread saw mini-batch with a maximum of 1.20% zero probability fragments
[2020-03-08 16:21:32.680] [jointLog] [info] Thread saw mini-batch with a maximum of 1.06% zero probability fragments
[2020-03-08 16:21:32.686] [jointLog] [info] Thread saw mini-batch with a maximum of 1.14% zero probability fragments
[2020-03-08 16:21:32.693] [jointLog] [info] Thread saw mini-batch with a maximum of 1.10% zero probability fragments
[2020-03-08 16:21:32.706] [jointLog] [info] Thread saw mini-batch with a maximum of 1.16% zero probability fragments
[2020-03-08 16:21:32.709] [jointLog] [info] Thread saw mini-batch with a maximum of 1.22% zero probability fragments
[2020-03-08 16:21:32.741] [jointLog] [info] Thread saw mini-batch with a maximum of 1.16% zero probability fragments
[2020-03-08 16:21:32.752] [jointLog] [info] Thread saw mini-batch with a maximum of 1.34% zero probability fragments
[2020-03-08 16:21:32.766] [jointLog] [info] Thread saw mini-batch with a maximum of 1.12% zero probability fragments
[2020-03-08 16:21:32.782] [jointLog] [info] Thread saw mini-batch with a maximum of 1.18% zero probability fragments
[2020-03-08 16:21:32.797] [jointLog] [info] Thread saw mini-batch with a maximum of 1.22% zero probability fragments
[2020-03-08 16:21:33.018] [fileLog] [info] 
At end of round 0
==================
Observed 8117898 total fragments (8117898 in most recent round)

[2020-03-08 16:21:33.018] [jointLog] [info] Computed 298,697 rich equivalence classes for further processing
[2020-03-08 16:21:33.018] [jointLog] [info] Counted 7,045,418 total reads in the equivalence classes 
[2020-03-08 16:21:33.038] [jointLog] [info] Number of mappings discarded because of alignment score : 7,435,804
[2020-03-08 16:21:33.038] [jointLog] [info] Number of fragments entirely discarded because of alignment score : 171,937
[2020-03-08 16:21:33.038] [jointLog] [info] Number of fragments discarded because they are best-mapped to decoys : 142,446
[2020-03-08 16:21:33.038] [jointLog] [info] Number of fragments discarded because they have only dovetail (discordant) mappings to valid targets : 20,434
[2020-03-08 16:21:33.038] [jointLog] [info] Mapping rate = 86.7887%

[2020-03-08 16:21:33.038] [jointLog] [info] finished quantifyLibrary()
[2020-03-08 16:21:33.038] [jointLog] [info] Starting optimizer
[2020-03-08 16:21:33.100] [jointLog] [info] Marked 0 weighted equivalence classes as degenerate
[2020-03-08 16:21:33.108] [jointLog] [info] iteration = 0 | max rel diff. = 5134.2
[2020-03-08 16:21:33.170] [jointLog] [info] iteration 11, adjusting effective lengths to account for biases
[2020-03-08 16:21:57.896] [jointLog] [info] Computed expected counts (for bias correction)
[2020-03-08 16:21:57.896] [jointLog] [info] processed bias for 0.0% of the transcripts
[2020-03-08 16:22:00.641] [jointLog] [info] processed bias for 10.0% of the transcripts
[2020-03-08 16:22:02.748] [jointLog] [info] processed bias for 20.0% of the transcripts
[2020-03-08 16:22:04.741] [jointLog] [info] processed bias for 30.0% of the transcripts
[2020-03-08 16:22:06.866] [jointLog] [info] processed bias for 40.0% of the transcripts
[2020-03-08 16:22:09.079] [jointLog] [info] processed bias for 50.0% of the transcripts
[2020-03-08 16:22:12.007] [jointLog] [info] processed bias for 60.0% of the transcripts
[2020-03-08 16:22:15.006] [jointLog] [info] processed bias for 70.0% of the transcripts
[2020-03-08 16:22:17.863] [jointLog] [info] processed bias for 80.0% of the transcripts
[2020-03-08 16:22:20.882] [jointLog] [info] processed bias for 90.0% of the transcripts
[2020-03-08 16:22:23.841] [jointLog] [info] processed bias for 100.0% of the transcripts
[2020-03-08 16:22:24.403] [jointLog] [info] iteration = 100 | max rel diff. = 20.2306
[2020-03-08 16:22:25.025] [jointLog] [info] iteration = 200 | max rel diff. = 6.32933
[2020-03-08 16:22:25.640] [jointLog] [info] iteration = 300 | max rel diff. = 2.63432
[2020-03-08 16:22:26.263] [jointLog] [info] iteration = 400 | max rel diff. = 0.527111
[2020-03-08 16:22:26.875] [jointLog] [info] iteration = 500 | max rel diff. = 0.14931
[2020-03-08 16:22:27.492] [jointLog] [info] iteration = 600 | max rel diff. = 0.0482202
[2020-03-08 16:22:28.103] [jointLog] [info] iteration = 700 | max rel diff. = 0.832482
[2020-03-08 16:22:28.715] [jointLog] [info] iteration = 800 | max rel diff. = 0.831829
[2020-03-08 16:22:29.331] [jointLog] [info] iteration = 900 | max rel diff. = 0.269042
[2020-03-08 16:22:29.946] [jointLog] [info] iteration = 1,000 | max rel diff. = 0.0806612
[2020-03-08 16:22:30.572] [jointLog] [info] iteration = 1,100 | max rel diff. = 0.0691003
[2020-03-08 16:22:31.194] [jointLog] [info] iteration = 1,200 | max rel diff. = 0.9905
[2020-03-08 16:22:31.816] [jointLog] [info] iteration = 1,300 | max rel diff. = 1.20989
[2020-03-08 16:22:32.405] [jointLog] [info] iteration = 1,397 | max rel diff. = 0.00759074
[2020-03-08 16:22:32.408] [jointLog] [info] Finished optimizer
[2020-03-08 16:22:32.408] [jointLog] [info] writing output 

