[2020-03-08 16:44:33.990] [jointLog] [info] Fragment incompatibility prior below threshold.  Incompatible fragments will be ignored.
[2020-03-08 16:44:33.990] [jointLog] [info] Usage of --validateMappings implies use of minScoreFraction. Since not explicitly specified, it is being set to 0.65
[2020-03-08 16:44:33.990] [jointLog] [info] Usage of --validateMappings implies a default consensus slack of 0.2. Setting consensusSlack to 0.35.
[2020-03-08 16:44:33.990] [jointLog] [info] parsing read library format
[2020-03-08 16:44:33.990] [jointLog] [info] There is 1 library.
[2020-03-08 16:44:34.072] [jointLog] [info] Loading pufferfish index
[2020-03-08 16:44:34.072] [jointLog] [info] Loading dense pufferfish index.
[2020-03-08 16:45:05.467] [jointLog] [info] done
[2020-03-08 16:45:05.467] [jointLog] [info] Index contained 117,147 targets
[2020-03-08 16:45:07.966] [jointLog] [info] Number of decoys : 66
[2020-03-08 16:45:07.966] [jointLog] [info] First decoy index : 117,042 
[2020-03-08 16:45:08.365] [jointLog] [info] Automatically detected most likely library type as ISR
[2020-03-08 16:45:30.068] [jointLog] [info] Thread saw mini-batch with a maximum of 1.36% zero probability fragments
[2020-03-08 16:45:30.068] [jointLog] [info] Thread saw mini-batch with a maximum of 1.20% zero probability fragments
[2020-03-08 16:45:30.068] [jointLog] [info] Thread saw mini-batch with a maximum of 1.22% zero probability fragments
[2020-03-08 16:45:30.068] [jointLog] [info] Thread saw mini-batch with a maximum of 1.24% zero probability fragments
[2020-03-08 16:45:30.068] [jointLog] [info] Thread saw mini-batch with a maximum of 1.32% zero probability fragments
[2020-03-08 16:45:30.068] [jointLog] [info] Thread saw mini-batch with a maximum of 1.16% zero probability fragments
[2020-03-08 16:45:30.071] [jointLog] [info] Thread saw mini-batch with a maximum of 1.28% zero probability fragments
[2020-03-08 16:45:30.071] [jointLog] [info] Thread saw mini-batch with a maximum of 1.18% zero probability fragments
[2020-03-08 16:45:30.072] [jointLog] [info] Thread saw mini-batch with a maximum of 1.14% zero probability fragments
[2020-03-08 16:45:30.072] [jointLog] [info] Thread saw mini-batch with a maximum of 1.20% zero probability fragments
[2020-03-08 16:45:30.072] [jointLog] [info] Thread saw mini-batch with a maximum of 1.14% zero probability fragments
[2020-03-08 16:45:30.075] [jointLog] [info] Thread saw mini-batch with a maximum of 1.24% zero probability fragments
[2020-03-08 16:45:30.075] [jointLog] [info] Thread saw mini-batch with a maximum of 1.22% zero probability fragments
[2020-03-08 16:45:30.075] [jointLog] [info] Thread saw mini-batch with a maximum of 1.16% zero probability fragments
[2020-03-08 16:45:30.076] [jointLog] [info] Thread saw mini-batch with a maximum of 1.16% zero probability fragments
[2020-03-08 16:45:30.076] [jointLog] [info] Thread saw mini-batch with a maximum of 1.10% zero probability fragments
[2020-03-08 16:45:30.078] [jointLog] [info] Thread saw mini-batch with a maximum of 1.20% zero probability fragments
[2020-03-08 16:45:30.088] [jointLog] [info] Thread saw mini-batch with a maximum of 1.08% zero probability fragments
[2020-03-08 16:45:30.118] [jointLog] [info] Thread saw mini-batch with a maximum of 1.14% zero probability fragments
[2020-03-08 16:45:30.123] [jointLog] [info] Thread saw mini-batch with a maximum of 1.14% zero probability fragments
[2020-03-08 16:45:30.130] [jointLog] [info] Thread saw mini-batch with a maximum of 1.08% zero probability fragments
[2020-03-08 16:45:30.134] [jointLog] [info] Thread saw mini-batch with a maximum of 1.10% zero probability fragments
[2020-03-08 16:45:30.139] [jointLog] [info] Thread saw mini-batch with a maximum of 1.12% zero probability fragments
[2020-03-08 16:45:30.146] [jointLog] [info] Thread saw mini-batch with a maximum of 1.22% zero probability fragments
[2020-03-08 16:45:30.149] [jointLog] [info] Thread saw mini-batch with a maximum of 1.10% zero probability fragments
[2020-03-08 16:45:30.192] [jointLog] [info] Thread saw mini-batch with a maximum of 1.26% zero probability fragments
[2020-03-08 16:45:30.200] [jointLog] [info] Thread saw mini-batch with a maximum of 1.20% zero probability fragments
[2020-03-08 16:45:30.223] [jointLog] [info] Thread saw mini-batch with a maximum of 1.16% zero probability fragments
[2020-03-08 16:45:30.226] [jointLog] [info] Thread saw mini-batch with a maximum of 1.22% zero probability fragments
[2020-03-08 16:45:30.232] [jointLog] [info] Thread saw mini-batch with a maximum of 1.10% zero probability fragments
[2020-03-08 16:45:30.238] [jointLog] [info] Thread saw mini-batch with a maximum of 1.22% zero probability fragments
[2020-03-08 16:45:30.255] [jointLog] [info] Thread saw mini-batch with a maximum of 1.12% zero probability fragments
[2020-03-08 16:45:30.495] [jointLog] [info] Computed 285,031 rich equivalence classes for further processing
[2020-03-08 16:45:30.495] [jointLog] [info] Counted 5,922,424 total reads in the equivalence classes 
[2020-03-08 16:45:30.516] [jointLog] [info] Number of mappings discarded because of alignment score : 6,686,135
[2020-03-08 16:45:30.516] [jointLog] [info] Number of fragments entirely discarded because of alignment score : 153,128
[2020-03-08 16:45:30.516] [jointLog] [info] Number of fragments discarded because they are best-mapped to decoys : 127,904
[2020-03-08 16:45:30.516] [jointLog] [info] Number of fragments discarded because they have only dovetail (discordant) mappings to valid targets : 16,978
[2020-03-08 16:45:30.516] [jointLog] [info] Mapping rate = 85.9106%

[2020-03-08 16:45:30.516] [jointLog] [info] finished quantifyLibrary()
[2020-03-08 16:45:30.517] [jointLog] [info] Starting optimizer
[2020-03-08 16:45:30.582] [jointLog] [info] Marked 0 weighted equivalence classes as degenerate
[2020-03-08 16:45:30.589] [jointLog] [info] iteration = 0 | max rel diff. = 4440.67
[2020-03-08 16:45:30.659] [jointLog] [info] iteration 11, adjusting effective lengths to account for biases
[2020-03-08 16:45:30.495] [fileLog] [info] 
At end of round 0
==================
Observed 6893702 total fragments (6893702 in most recent round)

[2020-03-08 16:45:55.248] [jointLog] [info] Computed expected counts (for bias correction)
[2020-03-08 16:45:55.248] [jointLog] [info] processed bias for 0.0% of the transcripts
[2020-03-08 16:45:58.048] [jointLog] [info] processed bias for 10.0% of the transcripts
[2020-03-08 16:46:00.672] [jointLog] [info] processed bias for 20.0% of the transcripts
[2020-03-08 16:46:02.789] [jointLog] [info] processed bias for 30.0% of the transcripts
[2020-03-08 16:46:04.926] [jointLog] [info] processed bias for 40.0% of the transcripts
[2020-03-08 16:46:07.121] [jointLog] [info] processed bias for 50.0% of the transcripts
[2020-03-08 16:46:10.272] [jointLog] [info] processed bias for 60.0% of the transcripts
[2020-03-08 16:46:13.629] [jointLog] [info] processed bias for 70.0% of the transcripts
[2020-03-08 16:46:16.892] [jointLog] [info] processed bias for 80.0% of the transcripts
[2020-03-08 16:46:20.055] [jointLog] [info] processed bias for 90.0% of the transcripts
[2020-03-08 16:46:23.268] [jointLog] [info] processed bias for 100.0% of the transcripts
[2020-03-08 16:46:23.819] [jointLog] [info] iteration = 100 | max rel diff. = 13.836
[2020-03-08 16:46:24.419] [jointLog] [info] iteration = 200 | max rel diff. = 17.622
[2020-03-08 16:46:25.022] [jointLog] [info] iteration = 300 | max rel diff. = 1.09358
[2020-03-08 16:46:25.627] [jointLog] [info] iteration = 400 | max rel diff. = 2.0788
[2020-03-08 16:46:26.228] [jointLog] [info] iteration = 500 | max rel diff. = 10.1766
[2020-03-08 16:46:26.831] [jointLog] [info] iteration = 600 | max rel diff. = 0.560358
[2020-03-08 16:46:27.440] [jointLog] [info] iteration = 700 | max rel diff. = 0.0754749
[2020-03-08 16:46:28.044] [jointLog] [info] iteration = 800 | max rel diff. = 2.52874
[2020-03-08 16:46:28.642] [jointLog] [info] iteration = 900 | max rel diff. = 0.385856
[2020-03-08 16:46:29.257] [jointLog] [info] iteration = 1,000 | max rel diff. = 4.94264
[2020-03-08 16:46:29.863] [jointLog] [info] iteration = 1,100 | max rel diff. = 1.48802
[2020-03-08 16:46:30.468] [jointLog] [info] iteration = 1,200 | max rel diff. = 0.0230385
[2020-03-08 16:46:31.075] [jointLog] [info] iteration = 1,300 | max rel diff. = 0.0284474
[2020-03-08 16:46:31.682] [jointLog] [info] iteration = 1,400 | max rel diff. = 0.819836
[2020-03-08 16:46:31.924] [jointLog] [info] iteration = 1,441 | max rel diff. = 0.00201022
[2020-03-08 16:46:31.929] [jointLog] [info] Finished optimizer
[2020-03-08 16:46:31.929] [jointLog] [info] writing output 

